INFO 2025-08-16 00:30:43,784 models 15352 22796 Saving flight: AI1000 from DEL to MAA
INFO 2025-08-16 00:30:43,797 models 15352 22796 Saving flight: 6E1001 from DEL to MAA
INFO 2025-08-16 00:30:43,800 models 15352 22796 Saving flight: AI1002 from DEL to AMD
INFO 2025-08-16 00:30:43,802 models 15352 22796 Saving flight: 6E1003 from DEL to AMD
INFO 2025-08-16 00:30:43,805 models 15352 22796 Saving flight: AI1004 from BOM to BLR
INFO 2025-08-16 00:30:43,806 models 15352 22796 Saving flight: 6E1005 from BOM to BLR
INFO 2025-08-16 00:30:43,811 models 15352 22796 Saving flight: AI1006 from BOM to HYD
INFO 2025-08-16 00:30:43,813 models 15352 22796 Saving flight: 6E1007 from BOM to HYD
INFO 2025-08-16 00:30:43,813 models 15352 22796 Saving flight: AI1008 from BLR to BOM
INFO 2025-08-16 00:30:43,818 models 15352 22796 Saving flight: 6E1009 from BLR to BOM
INFO 2025-08-16 00:30:43,820 models 15352 22796 Saving flight: AI1010 from BLR to CCU
INFO 2025-08-16 00:30:43,820 models 15352 22796 Saving flight: 6E1011 from BLR to CCU
INFO 2025-08-16 00:30:43,825 models 15352 22796 Saving flight: AI1012 from BLR to COK
INFO 2025-08-16 00:30:43,827 models 15352 22796 Saving flight: 6E1013 from BLR to COK
INFO 2025-08-16 00:30:43,827 models 15352 22796 Saving flight: AI1014 from MAA to DEL
INFO 2025-08-16 00:30:43,834 models 15352 22796 Saving flight: 6E1015 from MAA to DEL
INFO 2025-08-16 00:30:43,837 models 15352 22796 Saving flight: AI1016 from MAA to AMD
INFO 2025-08-16 00:30:43,838 models 15352 22796 Saving flight: 6E1017 from MAA to AMD
INFO 2025-08-16 00:30:43,841 models 15352 22796 Saving flight: AI1018 from CCU to BLR
INFO 2025-08-16 00:30:43,844 models 15352 22796 Saving flight: 6E1019 from CCU to BLR
INFO 2025-08-16 00:30:43,845 models 15352 22796 Saving flight: AI1020 from CCU to HYD
INFO 2025-08-16 00:30:43,848 models 15352 22796 Saving flight: 6E1021 from CCU to HYD
INFO 2025-08-16 00:30:43,851 models 15352 22796 Saving flight: AI1022 from HYD to BOM
INFO 2025-08-16 00:30:43,852 models 15352 22796 Saving flight: 6E1023 from HYD to BOM
INFO 2025-08-16 00:30:43,855 models 15352 22796 Saving flight: AI1024 from HYD to CCU
INFO 2025-08-16 00:30:43,855 models 15352 22796 Saving flight: 6E1025 from HYD to CCU
INFO 2025-08-16 00:30:43,855 models 15352 22796 Saving flight: AI1026 from HYD to COK
INFO 2025-08-16 00:30:43,861 models 15352 22796 Saving flight: 6E1027 from HYD to COK
INFO 2025-08-16 00:30:43,863 models 15352 22796 Saving flight: AI1028 from AMD to DEL
INFO 2025-08-16 00:30:43,865 models 15352 22796 Saving flight: 6E1029 from AMD to DEL
INFO 2025-08-16 00:30:43,867 models 15352 22796 Saving flight: AI1030 from AMD to MAA
INFO 2025-08-16 00:30:43,868 models 15352 22796 Saving flight: 6E1031 from AMD to MAA
INFO 2025-08-16 00:30:43,868 models 15352 22796 Saving flight: AI1032 from COK to BLR
INFO 2025-08-16 00:30:43,868 models 15352 22796 Saving flight: 6E1033 from COK to BLR
INFO 2025-08-16 00:30:43,875 models 15352 22796 Saving flight: AI1034 from COK to HYD
INFO 2025-08-16 00:30:43,879 models 15352 22796 Saving flight: 6E1035 from COK to HYD
INFO 2025-08-16 00:30:43,881 models 15352 22796 Saving flight: AI1036 from DEL to BLR
INFO 2025-08-16 00:30:43,882 models 15352 22796 Saving flight: 6E1037 from DEL to BLR
INFO 2025-08-16 00:30:43,886 models 15352 22796 Saving flight: AI1038 from DEL to HYD
INFO 2025-08-16 00:30:43,887 models 15352 22796 Saving flight: 6E1039 from DEL to HYD
INFO 2025-08-16 00:30:43,890 models 15352 22796 Saving flight: AI1040 from BOM to CCU
INFO 2025-08-16 00:30:43,893 models 15352 22796 Saving flight: 6E1041 from BOM to CCU
INFO 2025-08-16 00:30:43,894 models 15352 22796 Saving flight: AI1042 from BOM to COK
INFO 2025-08-16 00:30:43,896 models 15352 22796 Saving flight: 6E1043 from BOM to COK
INFO 2025-08-16 00:30:43,899 models 15352 22796 Saving flight: AI1044 from BLR to DEL
INFO 2025-08-16 00:30:43,900 models 15352 22796 Saving flight: 6E1045 from BLR to DEL
INFO 2025-08-16 00:30:43,901 models 15352 22796 Saving flight: AI1046 from BLR to MAA
INFO 2025-08-16 00:30:43,904 models 15352 22796 Saving flight: 6E1047 from BLR to MAA
INFO 2025-08-16 00:30:43,907 models 15352 22796 Saving flight: AI1048 from BLR to AMD
INFO 2025-08-16 00:30:43,908 models 15352 22796 Saving flight: 6E1049 from BLR to AMD
INFO 2025-08-16 00:30:43,911 models 15352 22796 Saving flight: AI1050 from MAA to BLR
INFO 2025-08-16 00:30:43,913 models 15352 22796 Saving flight: 6E1051 from MAA to BLR
INFO 2025-08-16 00:30:43,914 models 15352 22796 Saving flight: AI1052 from MAA to HYD
INFO 2025-08-16 00:30:43,917 models 15352 22796 Saving flight: 6E1053 from MAA to HYD
INFO 2025-08-16 00:30:43,919 models 15352 22796 Saving flight: AI1054 from CCU to BOM
INFO 2025-08-16 00:30:43,921 models 15352 22796 Saving flight: 6E1055 from CCU to BOM
INFO 2025-08-16 00:30:43,923 models 15352 22796 Saving flight: AI1056 from CCU to COK
INFO 2025-08-16 00:30:43,924 models 15352 22796 Saving flight: 6E1057 from CCU to COK
INFO 2025-08-16 00:30:43,927 models 15352 22796 Saving flight: AI1058 from HYD to DEL
INFO 2025-08-16 00:30:43,929 models 15352 22796 Saving flight: 6E1059 from HYD to DEL
INFO 2025-08-16 00:30:43,931 models 15352 22796 Saving flight: AI1060 from HYD to MAA
INFO 2025-08-16 00:30:43,934 models 15352 22796 Saving flight: 6E1061 from HYD to MAA
INFO 2025-08-16 00:30:43,935 models 15352 22796 Saving flight: AI1062 from HYD to AMD
INFO 2025-08-16 00:30:43,938 models 15352 22796 Saving flight: 6E1063 from HYD to AMD
INFO 2025-08-16 00:30:43,941 models 15352 22796 Saving flight: AI1064 from AMD to BLR
INFO 2025-08-16 00:30:43,943 models 15352 22796 Saving flight: 6E1065 from AMD to BLR
INFO 2025-08-16 00:30:43,945 models 15352 22796 Saving flight: AI1066 from AMD to HYD
INFO 2025-08-16 00:30:43,945 models 15352 22796 Saving flight: 6E1067 from AMD to HYD
INFO 2025-08-16 00:30:43,951 models 15352 22796 Saving flight: AI1068 from COK to BOM
INFO 2025-08-16 00:30:43,953 models 15352 22796 Saving flight: 6E1069 from COK to BOM
INFO 2025-08-16 00:30:43,955 models 15352 22796 Saving flight: AI1070 from COK to CCU
INFO 2025-08-16 00:30:43,958 models 15352 22796 Saving flight: 6E1071 from COK to CCU
INFO 2025-08-16 00:30:43,961 models 15352 22796 Saving flight: AI1072 from DEL to BOM
INFO 2025-08-16 00:30:43,962 models 15352 22796 Saving flight: 6E1073 from DEL to BOM
INFO 2025-08-16 00:30:43,966 models 15352 22796 Saving flight: AI1074 from DEL to CCU
INFO 2025-08-16 00:30:43,969 models 15352 22796 Saving flight: 6E1075 from DEL to CCU
INFO 2025-08-16 00:30:43,970 models 15352 22796 Saving flight: AI1076 from DEL to COK
INFO 2025-08-16 00:30:43,974 models 15352 22796 Saving flight: 6E1077 from DEL to COK
INFO 2025-08-16 00:30:43,976 models 15352 22796 Saving flight: AI1078 from BOM to DEL
INFO 2025-08-16 00:30:43,978 models 15352 22796 Saving flight: 6E1079 from BOM to DEL
INFO 2025-08-16 00:30:43,981 models 15352 22796 Saving flight: AI1080 from BOM to MAA
INFO 2025-08-16 00:30:43,983 models 15352 22796 Saving flight: 6E1081 from BOM to MAA
INFO 2025-08-16 00:30:43,985 models 15352 22796 Saving flight: AI1082 from BOM to AMD
INFO 2025-08-16 00:30:43,987 models 15352 22796 Saving flight: 6E1083 from BOM to AMD
INFO 2025-08-16 00:30:43,990 models 15352 22796 Saving flight: AI1084 from BLR to HYD
INFO 2025-08-16 00:30:43,992 models 15352 22796 Saving flight: 6E1085 from BLR to HYD
INFO 2025-08-16 00:30:43,995 models 15352 22796 Saving flight: AI1086 from MAA to BOM
INFO 2025-08-16 00:30:43,997 models 15352 22796 Saving flight: 6E1087 from MAA to BOM
INFO 2025-08-16 00:30:44,000 models 15352 22796 Saving flight: AI1088 from MAA to CCU
INFO 2025-08-16 00:30:44,000 models 15352 22796 Saving flight: 6E1089 from MAA to CCU
INFO 2025-08-16 00:30:44,004 models 15352 22796 Saving flight: AI1090 from MAA to COK
INFO 2025-08-16 00:30:44,005 models 15352 22796 Saving flight: 6E1091 from MAA to COK
INFO 2025-08-16 00:30:44,007 models 15352 22796 Saving flight: AI1092 from CCU to DEL
INFO 2025-08-16 00:30:44,011 models 15352 22796 Saving flight: 6E1093 from CCU to DEL
INFO 2025-08-16 00:30:44,013 models 15352 22796 Saving flight: AI1094 from CCU to MAA
INFO 2025-08-16 00:30:44,014 models 15352 22796 Saving flight: 6E1095 from CCU to MAA
INFO 2025-08-16 00:30:44,018 models 15352 22796 Saving flight: AI1096 from CCU to AMD
INFO 2025-08-16 00:30:44,019 models 15352 22796 Saving flight: 6E1097 from CCU to AMD
INFO 2025-08-16 00:30:44,021 models 15352 22796 Saving flight: AI1098 from HYD to BLR
INFO 2025-08-16 00:30:44,025 models 15352 22796 Saving flight: 6E1099 from HYD to BLR
INFO 2025-08-16 00:30:44,027 models 15352 22796 Saving flight: AI1100 from AMD to BOM
INFO 2025-08-16 00:30:44,028 models 15352 22796 Saving flight: 6E1101 from AMD to BOM
INFO 2025-08-16 00:30:44,032 models 15352 22796 Saving flight: AI1102 from AMD to CCU
INFO 2025-08-16 00:30:44,033 models 15352 22796 Saving flight: 6E1103 from AMD to CCU
INFO 2025-08-16 00:30:44,035 models 15352 22796 Saving flight: AI1104 from AMD to COK
INFO 2025-08-16 00:30:44,039 models 15352 22796 Saving flight: 6E1105 from AMD to COK
INFO 2025-08-16 00:30:44,040 models 15352 22796 Saving flight: AI1106 from COK to DEL
INFO 2025-08-16 00:30:44,042 models 15352 22796 Saving flight: 6E1107 from COK to DEL
INFO 2025-08-16 00:30:44,046 models 15352 22796 Saving flight: AI1108 from COK to MAA
INFO 2025-08-16 00:30:44,048 models 15352 22796 Saving flight: 6E1109 from COK to MAA
INFO 2025-08-16 00:30:44,049 models 15352 22796 Saving flight: AI1110 from COK to AMD
INFO 2025-08-16 00:30:44,053 models 15352 22796 Saving flight: 6E1111 from COK to AMD
INFO 2025-08-16 00:30:44,055 models 15352 22796 Saving flight: AI1112 from DEL to MAA
INFO 2025-08-16 00:30:44,056 models 15352 22796 Saving flight: 6E1113 from DEL to MAA
INFO 2025-08-16 00:30:44,059 models 15352 22796 Saving flight: AI1114 from DEL to AMD
INFO 2025-08-16 00:30:44,061 models 15352 22796 Saving flight: 6E1115 from DEL to AMD
INFO 2025-08-16 00:30:44,063 models 15352 22796 Saving flight: AI1116 from BOM to BLR
INFO 2025-08-16 00:30:44,066 models 15352 22796 Saving flight: 6E1117 from BOM to BLR
INFO 2025-08-16 00:30:44,068 models 15352 22796 Saving flight: AI1118 from BOM to HYD
INFO 2025-08-16 00:30:44,070 models 15352 22796 Saving flight: 6E1119 from BOM to HYD
INFO 2025-08-16 00:30:44,072 models 15352 22796 Saving flight: AI1120 from BLR to BOM
INFO 2025-08-16 00:30:44,076 models 15352 22796 Saving flight: 6E1121 from BLR to BOM
INFO 2025-08-16 00:30:44,077 models 15352 22796 Saving flight: AI1122 from BLR to CCU
INFO 2025-08-16 00:30:44,081 models 15352 22796 Saving flight: 6E1123 from BLR to CCU
INFO 2025-08-16 00:30:44,083 models 15352 22796 Saving flight: AI1124 from BLR to COK
INFO 2025-08-16 00:30:44,085 models 15352 22796 Saving flight: 6E1125 from BLR to COK
INFO 2025-08-16 00:30:44,087 models 15352 22796 Saving flight: AI1126 from MAA to DEL
INFO 2025-08-16 00:30:44,090 models 15352 22796 Saving flight: 6E1127 from MAA to DEL
INFO 2025-08-16 00:30:44,093 models 15352 22796 Saving flight: AI1128 from MAA to AMD
INFO 2025-08-16 00:30:44,094 models 15352 22796 Saving flight: 6E1129 from MAA to AMD
INFO 2025-08-16 00:30:44,097 models 15352 22796 Saving flight: AI1130 from CCU to BLR
INFO 2025-08-16 00:30:44,101 models 15352 22796 Saving flight: 6E1131 from CCU to BLR
INFO 2025-08-16 00:30:44,102 models 15352 22796 Saving flight: AI1132 from CCU to HYD
INFO 2025-08-16 00:30:44,105 models 15352 22796 Saving flight: 6E1133 from CCU to HYD
INFO 2025-08-16 00:30:44,107 models 15352 22796 Saving flight: AI1134 from HYD to BOM
INFO 2025-08-16 00:30:44,109 models 15352 22796 Saving flight: 6E1135 from HYD to BOM
INFO 2025-08-16 00:30:44,112 models 15352 22796 Saving flight: AI1136 from HYD to CCU
INFO 2025-08-16 00:30:44,115 models 15352 22796 Saving flight: 6E1137 from HYD to CCU
INFO 2025-08-16 00:30:44,117 models 15352 22796 Saving flight: AI1138 from HYD to COK
INFO 2025-08-16 00:30:44,119 models 15352 22796 Saving flight: 6E1139 from HYD to COK
INFO 2025-08-16 00:30:44,121 models 15352 22796 Saving flight: AI1140 from AMD to DEL
INFO 2025-08-16 00:30:44,123 models 15352 22796 Saving flight: 6E1141 from AMD to DEL
INFO 2025-08-16 00:30:44,125 models 15352 22796 Saving flight: AI1142 from AMD to MAA
INFO 2025-08-16 00:30:44,128 models 15352 22796 Saving flight: 6E1143 from AMD to MAA
INFO 2025-08-16 00:30:44,130 models 15352 22796 Saving flight: AI1144 from COK to BLR
INFO 2025-08-16 00:30:44,134 models 15352 22796 Saving flight: 6E1145 from COK to BLR
INFO 2025-08-16 00:30:44,136 models 15352 22796 Saving flight: AI1146 from COK to HYD
INFO 2025-08-16 00:30:44,137 models 15352 22796 Saving flight: 6E1147 from COK to HYD
INFO 2025-08-16 00:30:44,139 models 15352 22796 Saving flight: AI1148 from DEL to BLR
INFO 2025-08-16 00:30:44,143 models 15352 22796 Saving flight: 6E1149 from DEL to BLR
INFO 2025-08-16 00:30:44,144 models 15352 22796 Saving flight: AI1150 from DEL to HYD
INFO 2025-08-16 00:30:44,147 models 15352 22796 Saving flight: 6E1151 from DEL to HYD
INFO 2025-08-16 00:30:44,149 models 15352 22796 Saving flight: AI1152 from BOM to CCU
INFO 2025-08-16 00:30:44,151 models 15352 22796 Saving flight: 6E1153 from BOM to CCU
INFO 2025-08-16 00:30:44,155 models 15352 22796 Saving flight: AI1154 from BOM to COK
INFO 2025-08-16 00:30:44,158 models 15352 22796 Saving flight: 6E1155 from BOM to COK
INFO 2025-08-16 00:30:44,160 models 15352 22796 Saving flight: AI1156 from BLR to DEL
INFO 2025-08-16 00:30:44,163 models 15352 22796 Saving flight: 6E1157 from BLR to DEL
INFO 2025-08-16 00:30:44,165 models 15352 22796 Saving flight: AI1158 from BLR to MAA
INFO 2025-08-16 00:30:44,167 models 15352 22796 Saving flight: 6E1159 from BLR to MAA
INFO 2025-08-16 00:30:44,167 models 15352 22796 Saving flight: AI1160 from BLR to AMD
INFO 2025-08-16 00:30:44,167 models 15352 22796 Saving flight: 6E1161 from BLR to AMD
INFO 2025-08-16 00:30:44,174 models 15352 22796 Saving flight: AI1162 from MAA to BLR
INFO 2025-08-16 00:30:44,177 models 15352 22796 Saving flight: 6E1163 from MAA to BLR
INFO 2025-08-16 00:30:44,178 models 15352 22796 Saving flight: AI1164 from MAA to HYD
INFO 2025-08-16 00:30:44,183 models 15352 22796 Saving flight: 6E1165 from MAA to HYD
INFO 2025-08-16 00:30:44,185 models 15352 22796 Saving flight: AI1166 from CCU to BOM
INFO 2025-08-16 00:30:44,187 models 15352 22796 Saving flight: 6E1167 from CCU to BOM
INFO 2025-08-16 00:30:44,190 models 15352 22796 Saving flight: AI1168 from CCU to COK
INFO 2025-08-16 00:30:44,193 models 15352 22796 Saving flight: 6E1169 from CCU to COK
INFO 2025-08-16 00:30:44,195 models 15352 22796 Saving flight: AI1170 from HYD to DEL
INFO 2025-08-16 00:30:44,195 models 15352 22796 Saving flight: 6E1171 from HYD to DEL
INFO 2025-08-16 00:30:44,195 models 15352 22796 Saving flight: AI1172 from HYD to MAA
INFO 2025-08-16 00:30:44,202 models 15352 22796 Saving flight: 6E1173 from HYD to MAA
INFO 2025-08-16 00:30:44,205 models 15352 22796 Saving flight: AI1174 from HYD to AMD
INFO 2025-08-16 00:30:44,207 models 15352 22796 Saving flight: 6E1175 from HYD to AMD
INFO 2025-08-16 00:30:44,210 models 15352 22796 Saving flight: AI1176 from AMD to BLR
INFO 2025-08-16 00:30:44,212 models 15352 22796 Saving flight: 6E1177 from AMD to BLR
INFO 2025-08-16 00:30:44,214 models 15352 22796 Saving flight: AI1178 from AMD to HYD
INFO 2025-08-16 00:30:44,216 models 15352 22796 Saving flight: 6E1179 from AMD to HYD
INFO 2025-08-16 00:30:44,218 models 15352 22796 Saving flight: AI1180 from COK to BOM
INFO 2025-08-16 00:30:44,220 models 15352 22796 Saving flight: 6E1181 from COK to BOM
INFO 2025-08-16 00:30:44,223 models 15352 22796 Saving flight: AI1182 from COK to CCU
INFO 2025-08-16 00:30:44,227 models 15352 22796 Saving flight: 6E1183 from COK to CCU
INFO 2025-08-16 00:30:44,231 models 15352 22796 Saving flight: AI1184 from DEL to BOM
INFO 2025-08-16 00:30:44,234 models 15352 22796 Saving flight: 6E1185 from DEL to BOM
INFO 2025-08-16 00:30:44,236 models 15352 22796 Saving flight: AI1186 from DEL to CCU
INFO 2025-08-16 00:30:44,238 models 15352 22796 Saving flight: 6E1187 from DEL to CCU
INFO 2025-08-16 00:30:44,241 models 15352 22796 Saving flight: AI1188 from DEL to COK
INFO 2025-08-16 00:30:44,243 models 15352 22796 Saving flight: 6E1189 from DEL to COK
INFO 2025-08-16 00:30:44,247 models 15352 22796 Saving flight: AI1190 from BOM to DEL
INFO 2025-08-16 00:30:44,249 models 15352 22796 Saving flight: 6E1191 from BOM to DEL
INFO 2025-08-16 00:30:44,250 models 15352 22796 Saving flight: AI1192 from BOM to MAA
INFO 2025-08-16 00:30:44,250 models 15352 22796 Saving flight: 6E1193 from BOM to MAA
INFO 2025-08-16 00:30:44,257 models 15352 22796 Saving flight: AI1194 from BOM to AMD
INFO 2025-08-16 00:30:44,260 models 15352 22796 Saving flight: 6E1195 from BOM to AMD
INFO 2025-08-16 00:30:44,262 models 15352 22796 Saving flight: AI1196 from BLR to HYD
INFO 2025-08-16 00:30:44,266 models 15352 22796 Saving flight: 6E1197 from BLR to HYD
INFO 2025-08-16 00:30:44,268 models 15352 22796 Saving flight: AI1198 from MAA to BOM
INFO 2025-08-16 00:30:44,270 models 15352 22796 Saving flight: 6E1199 from MAA to BOM
INFO 2025-08-16 00:30:44,273 models 15352 22796 Saving flight: AI1200 from MAA to CCU
INFO 2025-08-16 00:30:44,275 models 15352 22796 Saving flight: 6E1201 from MAA to CCU
INFO 2025-08-16 00:30:44,277 models 15352 22796 Saving flight: AI1202 from MAA to COK
INFO 2025-08-16 00:30:44,280 models 15352 22796 Saving flight: 6E1203 from MAA to COK
INFO 2025-08-16 00:30:44,283 models 15352 22796 Saving flight: AI1204 from CCU to DEL
INFO 2025-08-16 00:30:44,286 models 15352 22796 Saving flight: 6E1205 from CCU to DEL
INFO 2025-08-16 00:30:44,288 models 15352 22796 Saving flight: AI1206 from CCU to MAA
INFO 2025-08-16 00:30:44,290 models 15352 22796 Saving flight: 6E1207 from CCU to MAA
INFO 2025-08-16 00:30:44,293 models 15352 22796 Saving flight: AI1208 from CCU to AMD
INFO 2025-08-16 00:30:44,295 models 15352 22796 Saving flight: 6E1209 from CCU to AMD
INFO 2025-08-16 00:30:44,296 models 15352 22796 Saving flight: AI1210 from HYD to BLR
INFO 2025-08-16 00:30:44,301 models 15352 22796 Saving flight: 6E1211 from HYD to BLR
INFO 2025-08-16 00:30:44,303 models 15352 22796 Saving flight: AI1212 from AMD to BOM
INFO 2025-08-16 00:30:44,306 models 15352 22796 Saving flight: 6E1213 from AMD to BOM
INFO 2025-08-16 00:30:44,309 models 15352 22796 Saving flight: AI1214 from AMD to CCU
INFO 2025-08-16 00:30:44,311 models 15352 22796 Saving flight: 6E1215 from AMD to CCU
INFO 2025-08-16 00:30:44,313 models 15352 22796 Saving flight: AI1216 from AMD to COK
INFO 2025-08-16 00:30:44,317 models 15352 22796 Saving flight: 6E1217 from AMD to COK
INFO 2025-08-16 00:30:44,319 models 15352 22796 Saving flight: AI1218 from COK to DEL
INFO 2025-08-16 00:30:44,320 models 15352 22796 Saving flight: 6E1219 from COK to DEL
INFO 2025-08-16 00:30:44,325 models 15352 22796 Saving flight: AI1220 from COK to MAA
INFO 2025-08-16 00:30:44,327 models 15352 22796 Saving flight: 6E1221 from COK to MAA
INFO 2025-08-16 00:30:44,330 models 15352 22796 Saving flight: AI1222 from COK to AMD
INFO 2025-08-16 00:30:44,335 models 15352 22796 Saving flight: 6E1223 from COK to AMD
INFO 2025-08-16 00:30:44,337 models 15352 22796 Saving flight: AI1224 from DEL to MAA
INFO 2025-08-16 00:30:44,338 models 15352 22796 Saving flight: 6E1225 from DEL to MAA
INFO 2025-08-16 00:30:44,342 models 15352 22796 Saving flight: AI1226 from DEL to AMD
INFO 2025-08-16 00:30:44,345 models 15352 22796 Saving flight: 6E1227 from DEL to AMD
INFO 2025-08-16 00:30:44,347 models 15352 22796 Saving flight: AI1228 from BOM to BLR
INFO 2025-08-16 00:30:44,347 models 15352 22796 Saving flight: 6E1229 from BOM to BLR
INFO 2025-08-16 00:30:44,347 models 15352 22796 Saving flight: AI1230 from BOM to HYD
INFO 2025-08-16 00:30:44,355 models 15352 22796 Saving flight: 6E1231 from BOM to HYD
INFO 2025-08-16 00:30:44,358 models 15352 22796 Saving flight: AI1232 from BLR to BOM
INFO 2025-08-16 00:30:44,359 models 15352 22796 Saving flight: 6E1233 from BLR to BOM
INFO 2025-08-16 00:30:44,363 models 15352 22796 Saving flight: AI1234 from BLR to CCU
INFO 2025-08-16 00:30:44,365 models 15352 22796 Saving flight: 6E1235 from BLR to CCU
INFO 2025-08-16 00:30:44,367 models 15352 22796 Saving flight: AI1236 from BLR to COK
INFO 2025-08-16 00:30:44,368 models 15352 22796 Saving flight: 6E1237 from BLR to COK
INFO 2025-08-16 00:30:44,372 models 15352 22796 Saving flight: AI1238 from MAA to DEL
INFO 2025-08-16 00:30:44,374 models 15352 22796 Saving flight: 6E1239 from MAA to DEL
INFO 2025-08-16 00:30:44,375 models 15352 22796 Saving flight: AI1240 from MAA to AMD
INFO 2025-08-16 00:30:44,375 models 15352 22796 Saving flight: 6E1241 from MAA to AMD
INFO 2025-08-16 00:30:44,382 models 15352 22796 Saving flight: AI1242 from CCU to BLR
INFO 2025-08-16 00:30:44,382 models 15352 22796 Saving flight: 6E1243 from CCU to BLR
INFO 2025-08-16 00:30:44,389 models 15352 22796 Saving flight: AI1244 from CCU to HYD
INFO 2025-08-16 00:30:44,393 models 15352 22796 Saving flight: 6E1245 from CCU to HYD
INFO 2025-08-16 00:30:44,401 models 15352 22796 Saving flight: AI1246 from HYD to BOM
INFO 2025-08-16 00:30:44,406 models 15352 22796 Saving flight: 6E1247 from HYD to BOM
INFO 2025-08-16 00:30:44,412 models 15352 22796 Saving flight: AI1248 from HYD to CCU
INFO 2025-08-16 00:30:44,418 models 15352 22796 Saving flight: 6E1249 from HYD to CCU
INFO 2025-08-16 00:30:44,418 models 15352 22796 Saving flight: AI1250 from HYD to COK
INFO 2025-08-16 00:30:44,427 models 15352 22796 Saving flight: 6E1251 from HYD to COK
INFO 2025-08-16 00:30:44,433 models 15352 22796 Saving flight: AI1252 from AMD to DEL
INFO 2025-08-16 00:30:44,441 models 15352 22796 Saving flight: 6E1253 from AMD to DEL
INFO 2025-08-16 00:30:44,445 models 15352 22796 Saving flight: AI1254 from AMD to MAA
INFO 2025-08-16 00:30:44,450 models 15352 22796 Saving flight: 6E1255 from AMD to MAA
INFO 2025-08-16 00:30:44,455 models 15352 22796 Saving flight: AI1256 from COK to BLR
INFO 2025-08-16 00:30:44,459 models 15352 22796 Saving flight: 6E1257 from COK to BLR
INFO 2025-08-16 00:30:44,462 models 15352 22796 Saving flight: AI1258 from COK to HYD
INFO 2025-08-16 00:30:44,466 models 15352 22796 Saving flight: 6E1259 from COK to HYD
INFO 2025-08-16 00:30:44,471 models 15352 22796 Saving booking: AC202508157D6FAA8F with status BOOKED
INFO 2025-08-16 00:30:44,477 models 15352 22796 Saving flight: AI1000 from DEL to MAA
INFO 2025-08-16 00:30:44,480 models 15352 22796 Reserved 100kg cargo weight on flight AI1000
INFO 2025-08-16 00:30:44,480 models 15352 22796 Saving booking: AC202508155F3629F0 with status BOOKED
INFO 2025-08-16 00:30:44,485 models 15352 22796 Saving flight: AI1002 from DEL to AMD
INFO 2025-08-16 00:30:44,488 models 15352 22796 Reserved 150kg cargo weight on flight AI1002
INFO 2025-08-16 00:30:44,489 models 15352 22796 Saving booking: AC202508155F3629F0 with status DEPARTED
INFO 2025-08-16 00:30:44,489 models 15352 22796 Creating event: DEPARTED for booking AC202508155F3629F0
INFO 2025-08-16 00:30:44,494 models 15352 22796 Booking AC202508155F3629F0 departed from DEL
INFO 2025-08-16 00:30:44,495 models 15352 22796 Saving booking: AC2025081594381A76 with status BOOKED
INFO 2025-08-16 00:30:44,498 models 15352 22796 Saving flight: AI1004 from BOM to BLR
INFO 2025-08-16 00:30:44,502 models 15352 22796 Reserved 200kg cargo weight on flight AI1004
INFO 2025-08-16 00:30:44,502 models 15352 22796 Saving booking: AC2025081594381A76 with status DEPARTED
INFO 2025-08-16 00:30:44,504 models 15352 22796 Creating event: DEPARTED for booking AC2025081594381A76
INFO 2025-08-16 00:30:44,506 models 15352 22796 Booking AC2025081594381A76 departed from BOM
INFO 2025-08-16 00:30:44,506 models 15352 22796 Saving booking: AC2025081594381A76 with status ARRIVED
INFO 2025-08-16 00:30:44,510 models 15352 22796 Creating event: ARRIVED for booking AC2025081594381A76
INFO 2025-08-16 00:30:44,511 models 15352 22796 Booking AC2025081594381A76 arrived at BLR
INFO 2025-08-16 00:30:44,512 models 15352 22796 Saving booking: AC2025081572C67018 with status BOOKED
INFO 2025-08-16 00:30:44,516 models 15352 22796 Saving flight: AI1006 from BOM to HYD
INFO 2025-08-16 00:30:44,519 models 15352 22796 Reserved 250kg cargo weight on flight AI1006
INFO 2025-08-16 00:30:44,520 models 15352 22796 Saving booking: AC2025081572C67018 with status DEPARTED
INFO 2025-08-16 00:30:44,523 models 15352 22796 Creating event: DEPARTED for booking AC2025081572C67018
INFO 2025-08-16 00:30:44,525 models 15352 22796 Booking AC2025081572C67018 departed from BOM
INFO 2025-08-16 00:30:44,525 models 15352 22796 Saving booking: AC2025081572C67018 with status ARRIVED
INFO 2025-08-16 00:30:44,527 models 15352 22796 Creating event: ARRIVED for booking AC2025081572C67018
INFO 2025-08-16 00:30:44,530 models 15352 22796 Booking AC2025081572C67018 arrived at HYD
INFO 2025-08-16 00:30:44,530 models 15352 22796 Saving booking: AC2025081572C67018 with status DELIVERED
INFO 2025-08-16 00:30:44,533 models 15352 22796 Creating event: DELIVERED for booking AC2025081572C67018
INFO 2025-08-16 00:30:44,535 models 15352 22796 Booking AC2025081572C67018 delivered
INFO 2025-08-16 00:30:44,536 models 15352 22796 Saving booking: AC202508156843129C with status BOOKED
INFO 2025-08-16 00:30:44,541 models 15352 22796 Saving flight: AI1008 from BLR to BOM
INFO 2025-08-16 00:30:44,544 models 15352 22796 Reserved 300kg cargo weight on flight AI1008
INFO 2025-08-16 00:30:44,544 models 15352 22796 Saving booking: AC202508150655065F with status BOOKED
INFO 2025-08-16 00:30:44,549 models 15352 22796 Saving flight: AI1010 from BLR to CCU
INFO 2025-08-16 00:30:44,552 models 15352 22796 Reserved 350kg cargo weight on flight AI1010
INFO 2025-08-16 00:30:44,552 models 15352 22796 Saving booking: AC202508150655065F with status DEPARTED
INFO 2025-08-16 00:30:44,554 models 15352 22796 Creating event: DEPARTED for booking AC202508150655065F
INFO 2025-08-16 00:30:44,557 models 15352 22796 Booking AC202508150655065F departed from BLR
INFO 2025-08-16 00:30:44,557 models 15352 22796 Saving booking: AC202508155705EA20 with status BOOKED
INFO 2025-08-16 00:30:44,562 models 15352 22796 Saving flight: AI1012 from BLR to COK
INFO 2025-08-16 00:30:44,565 models 15352 22796 Reserved 400kg cargo weight on flight AI1012
INFO 2025-08-16 00:30:44,566 models 15352 22796 Saving booking: AC202508155705EA20 with status DEPARTED
INFO 2025-08-16 00:30:44,568 models 15352 22796 Creating event: DEPARTED for booking AC202508155705EA20
INFO 2025-08-16 00:30:44,570 models 15352 22796 Booking AC202508155705EA20 departed from BLR
INFO 2025-08-16 00:30:44,570 models 15352 22796 Saving booking: AC202508155705EA20 with status ARRIVED
INFO 2025-08-16 00:30:44,572 models 15352 22796 Creating event: ARRIVED for booking AC202508155705EA20
INFO 2025-08-16 00:30:44,574 models 15352 22796 Booking AC202508155705EA20 arrived at COK
INFO 2025-08-16 00:30:44,574 models 15352 22796 Saving booking: AC20250815EB4515C3 with status BOOKED
INFO 2025-08-16 00:30:44,579 models 15352 22796 Saving flight: AI1014 from MAA to DEL
INFO 2025-08-16 00:30:44,581 models 15352 22796 Reserved 450kg cargo weight on flight AI1014
INFO 2025-08-16 00:30:44,582 models 15352 22796 Saving booking: AC20250815EB4515C3 with status DEPARTED
INFO 2025-08-16 00:30:44,584 models 15352 22796 Creating event: DEPARTED for booking AC20250815EB4515C3
INFO 2025-08-16 00:30:44,587 models 15352 22796 Booking AC20250815EB4515C3 departed from MAA
INFO 2025-08-16 00:30:44,587 models 15352 22796 Saving booking: AC20250815EB4515C3 with status ARRIVED
INFO 2025-08-16 00:30:44,589 models 15352 22796 Creating event: ARRIVED for booking AC20250815EB4515C3
INFO 2025-08-16 00:30:44,591 models 15352 22796 Booking AC20250815EB4515C3 arrived at DEL
INFO 2025-08-16 00:30:44,591 models 15352 22796 Saving booking: AC20250815EB4515C3 with status DELIVERED
INFO 2025-08-16 00:30:44,594 models 15352 22796 Creating event: DELIVERED for booking AC20250815EB4515C3
INFO 2025-08-16 00:30:44,595 models 15352 22796 Booking AC20250815EB4515C3 delivered
